<?xml version="1.0" encoding="UTF-8"?>
<testsuite name="kr.eddi.demo.DemoApplicationTests" tests="1" skipped="0" failures="0" errors="0" timestamp="2022-07-20T13:01:08" hostname="DESKTOP-IPVPF7U" time="0.554">
  <properties/>
  <testcase name="contextLoads()" classname="kr.eddi.demo.DemoApplicationTests" time="0.554"/>
  <system-out><![CDATA[22:01:05.406 [Test worker] DEBUG org.springframework.test.context.BootstrapUtils - Instantiating CacheAwareContextLoaderDelegate from class [org.springframework.test.context.cache.DefaultCacheAwareContextLoaderDelegate]
22:01:05.417 [Test worker] DEBUG org.springframework.test.context.BootstrapUtils - Instantiating BootstrapContext using constructor [public org.springframework.test.context.support.DefaultBootstrapContext(java.lang.Class,org.springframework.test.context.CacheAwareContextLoaderDelegate)]
22:01:05.455 [Test worker] DEBUG org.springframework.test.context.BootstrapUtils - Instantiating TestContextBootstrapper for test class [kr.eddi.demo.DemoApplicationTests] from class [org.springframework.boot.test.context.SpringBootTestContextBootstrapper]
22:01:05.466 [Test worker] INFO org.springframework.boot.test.context.SpringBootTestContextBootstrapper - Neither @ContextConfiguration nor @ContextHierarchy found for test class [kr.eddi.demo.DemoApplicationTests], using SpringBootContextLoader
22:01:05.472 [Test worker] DEBUG org.springframework.test.context.support.AbstractContextLoader - Did not detect default resource location for test class [kr.eddi.demo.DemoApplicationTests]: class path resource [kr/eddi/demo/DemoApplicationTests-context.xml] does not exist
22:01:05.473 [Test worker] DEBUG org.springframework.test.context.support.AbstractContextLoader - Did not detect default resource location for test class [kr.eddi.demo.DemoApplicationTests]: class path resource [kr/eddi/demo/DemoApplicationTestsContext.groovy] does not exist
22:01:05.473 [Test worker] INFO org.springframework.test.context.support.AbstractContextLoader - Could not detect default resource locations for test class [kr.eddi.demo.DemoApplicationTests]: no resource found for suffixes {-context.xml, Context.groovy}.
22:01:05.474 [Test worker] INFO org.springframework.test.context.support.AnnotationConfigContextLoaderUtils - Could not detect default configuration classes for test class [kr.eddi.demo.DemoApplicationTests]: DemoApplicationTests does not declare any static, non-private, non-final, nested classes annotated with @Configuration.
22:01:05.528 [Test worker] DEBUG org.springframework.test.context.support.ActiveProfilesUtils - Could not find an 'annotation declaring class' for annotation type [org.springframework.test.context.ActiveProfiles] and class [kr.eddi.demo.DemoApplicationTests]
22:01:05.634 [Test worker] DEBUG org.springframework.context.annotation.ClassPathScanningCandidateComponentProvider - Identified candidate component class: file [D:\web\Homework-1\임보경\spring\demo\build\classes\java\main\kr\eddi\demo\DemoApplication.class]
22:01:05.636 [Test worker] INFO org.springframework.boot.test.context.SpringBootTestContextBootstrapper - Found @SpringBootConfiguration kr.eddi.demo.DemoApplication for test class kr.eddi.demo.DemoApplicationTests
22:01:05.776 [Test worker] DEBUG org.springframework.boot.test.context.SpringBootTestContextBootstrapper - @TestExecutionListeners is not present for class [kr.eddi.demo.DemoApplicationTests]: using defaults.
22:01:05.777 [Test worker] INFO org.springframework.boot.test.context.SpringBootTestContextBootstrapper - Loaded default TestExecutionListener class names from location [META-INF/spring.factories]: [org.springframework.boot.test.autoconfigure.restdocs.RestDocsTestExecutionListener, org.springframework.boot.test.autoconfigure.web.client.MockRestServiceServerResetTestExecutionListener, org.springframework.boot.test.autoconfigure.web.servlet.MockMvcPrintOnlyOnFailureTestExecutionListener, org.springframework.boot.test.autoconfigure.web.servlet.WebDriverTestExecutionListener, org.springframework.boot.test.autoconfigure.webservices.client.MockWebServiceServerTestExecutionListener, org.springframework.boot.test.mock.mockito.MockitoTestExecutionListener, org.springframework.boot.test.mock.mockito.ResetMocksTestExecutionListener, org.springframework.test.context.web.ServletTestExecutionListener, org.springframework.test.context.support.DirtiesContextBeforeModesTestExecutionListener, org.springframework.test.context.event.ApplicationEventsTestExecutionListener, org.springframework.test.context.support.DependencyInjectionTestExecutionListener, org.springframework.test.context.support.DirtiesContextTestExecutionListener, org.springframework.test.context.transaction.TransactionalTestExecutionListener, org.springframework.test.context.jdbc.SqlScriptsTestExecutionListener, org.springframework.test.context.event.EventPublishingTestExecutionListener]
22:01:05.794 [Test worker] DEBUG org.springframework.boot.test.context.SpringBootTestContextBootstrapper - Skipping candidate TestExecutionListener [org.springframework.test.context.transaction.TransactionalTestExecutionListener] due to a missing dependency. Specify custom listener classes or make the default listener classes and their required dependencies available. Offending class: [org/springframework/transaction/interceptor/TransactionAttributeSource]
22:01:05.795 [Test worker] DEBUG org.springframework.boot.test.context.SpringBootTestContextBootstrapper - Skipping candidate TestExecutionListener [org.springframework.test.context.jdbc.SqlScriptsTestExecutionListener] due to a missing dependency. Specify custom listener classes or make the default listener classes and their required dependencies available. Offending class: [org/springframework/transaction/interceptor/TransactionAttribute]
22:01:05.795 [Test worker] INFO org.springframework.boot.test.context.SpringBootTestContextBootstrapper - Using TestExecutionListeners: [org.springframework.test.context.web.ServletTestExecutionListener@34a97744, org.springframework.test.context.support.DirtiesContextBeforeModesTestExecutionListener@4275c20c, org.springframework.test.context.event.ApplicationEventsTestExecutionListener@7c56e013, org.springframework.boot.test.mock.mockito.MockitoTestExecutionListener@3fc9dfc5, org.springframework.boot.test.autoconfigure.SpringBootDependencyInjectionTestExecutionListener@40258c2f, org.springframework.test.context.support.DirtiesContextTestExecutionListener@2cac4385, org.springframework.test.context.event.EventPublishingTestExecutionListener@6731787b, org.springframework.boot.test.autoconfigure.restdocs.RestDocsTestExecutionListener@16f7b4af, org.springframework.boot.test.autoconfigure.web.client.MockRestServiceServerResetTestExecutionListener@7adf16aa, org.springframework.boot.test.autoconfigure.web.servlet.MockMvcPrintOnlyOnFailureTestExecutionListener@34a1d21f, org.springframework.boot.test.autoconfigure.web.servlet.WebDriverTestExecutionListener@58bf8650, org.springframework.boot.test.autoconfigure.webservices.client.MockWebServiceServerTestExecutionListener@73c60324, org.springframework.boot.test.mock.mockito.ResetMocksTestExecutionListener@71ae31b0]
22:01:05.801 [Test worker] DEBUG org.springframework.test.context.support.AbstractDirtiesContextTestExecutionListener - Before test class: context [DefaultTestContext@4bf3798b testClass = DemoApplicationTests, testInstance = [null], testMethod = [null], testException = [null], mergedContextConfiguration = [WebMergedContextConfiguration@58670130 testClass = DemoApplicationTests, locations = '{}', classes = '{class kr.eddi.demo.DemoApplication}', contextInitializerClasses = '[]', activeProfiles = '{}', propertySourceLocations = '{}', propertySourceProperties = '{org.springframework.boot.test.context.SpringBootTestContextBootstrapper=true}', contextCustomizers = set[org.springframework.boot.test.autoconfigure.actuate.metrics.MetricsExportContextCustomizerFactory$DisableMetricExportContextCustomizer@4331d187, org.springframework.boot.test.autoconfigure.properties.PropertyMappingContextCustomizer@0, org.springframework.boot.test.autoconfigure.web.servlet.WebDriverContextCustomizerFactory$Customizer@335b5620, org.springframework.boot.test.context.filter.ExcludeFilterContextCustomizer@3c9c0d96, org.springframework.boot.test.json.DuplicateJsonObjectContextCustomizerFactory$DuplicateJsonObjectContextCustomizer@19b93fa8, org.springframework.boot.test.mock.mockito.MockitoContextCustomizer@0, org.springframework.boot.test.web.client.TestRestTemplateContextCustomizer@39655d3e, org.springframework.boot.test.context.SpringBootTestArgs@1, org.springframework.boot.test.context.SpringBootTestWebEnvironment@2accdbb5], resourceBasePath = 'src/main/webapp', contextLoader = 'org.springframework.boot.test.context.SpringBootContextLoader', parent = [null]], attributes = map['org.springframework.test.context.web.ServletTestExecutionListener.activateListener' -> true]], class annotated with @DirtiesContext [false] with mode [null].

  .   ____          _            __ _ _
 /\\ / ___'_ __ _ _(_)_ __  __ _ \ \ \ \
( ( )\___ | '_ | '_| | '_ \/ _` | \ \ \ \
 \\/  ___)| |_)| | | | | || (_| |  ) ) ) )
  '  |____| .__|_| |_|_| |_\__, | / / / /
 =========|_|==============|___/=/_/_/_/
 :: Spring Boot ::                (v2.7.1)

2022-07-20 22:01:06.339  INFO 16652 --- [    Test worker] kr.eddi.demo.DemoApplicationTests        : Starting DemoApplicationTests using Java 17.0.3 on DESKTOP-IPVPF7U with PID 16652 (started by Simon Lim in D:\web\Homework-1\임보경\spring\demo)
2022-07-20 22:01:06.340  INFO 16652 --- [    Test worker] kr.eddi.demo.DemoApplicationTests        : No active profile set, falling back to 1 default profile: "default"
2022-07-20 22:01:08.550  INFO 16652 --- [    Test worker] kr.eddi.demo.DemoApplicationTests        : Started DemoApplicationTests in 2.683 seconds (JVM running for 4.662)
]]></system-out>
  <system-err><![CDATA[]]></system-err>
</testsuite>
